[debug] [2021-12-02T15:47:51.539Z] ----------------------------------------------------------------------
[debug] [2021-12-02T15:47:51.541Z] Command:       /Users/martinsteffen/.nvm/versions/node/v14.17.1/bin/node /usr/local/bin/firebase init
[debug] [2021-12-02T15:47:51.542Z] CLI Version:   9.23.0
[debug] [2021-12-02T15:47:51.542Z] Platform:      darwin
[debug] [2021-12-02T15:47:51.542Z] Node Version:  v14.17.1
[debug] [2021-12-02T15:47:51.543Z] Time:          Thu Dec 02 2021 16:47:51 GMT+0100 (Central European Standard Time)
[debug] [2021-12-02T15:47:51.543Z] ----------------------------------------------------------------------
[debug] 
[debug] [2021-12-02T15:47:51.548Z] > command requires scopes: ["email","openid","https://www.googleapis.com/auth/cloudplatformprojects.readonly","https://www.googleapis.com/auth/firebase","https://www.googleapis.com/auth/cloud-platform"]
[debug] [2021-12-02T15:47:51.548Z] > authorizing via signed-in user (tiphedor@gmail.com)
[info] 
     ######## #### ########  ######## ########     ###     ######  ########
     ##        ##  ##     ## ##       ##     ##  ##   ##  ##       ##
     ######    ##  ########  ######   ########  #########  ######  ######
     ##        ##  ##    ##  ##       ##     ## ##     ##       ## ##
     ##       #### ##     ## ######## ########  ##     ##  ######  ########

You're about to initialize a Firebase project in this directory:

  /Users/martinsteffen/_p/shopify

[info] 
=== Project Setup
[info] 
[info] First, let's associate this project directory with a Firebase project.
[info] You can create multiple project aliases by running firebase use --add, 
[info] but for now we'll just set up a default project.
[info] 
[debug] [2021-12-02T15:47:57.410Z] >>> [apiv2][query] GET https://firebase.googleapis.com/v1beta1/projects pageSize=100
[debug] [2021-12-02T15:47:57.887Z] <<< [apiv2][status] GET https://firebase.googleapis.com/v1beta1/projects 200
[debug] [2021-12-02T15:47:57.888Z] <<< [apiv2][body] GET https://firebase.googleapis.com/v1beta1/projects [omitted]
[info] i  Using project shopify-b5394 (shopify) 
[info] 
=== Hosting Setup
[info] 
[info] Your public directory is the folder (relative to your project directory) that
[info] will contain Hosting assets to be uploaded with firebase deploy. If you
[info] have a build process for your assets, use your build's output directory.
[info] 
[debug] [2021-12-02T15:48:08.536Z] >>> [apiv2][query] GET https://www.gstatic.com/firebasejs/releases.json [none]
[debug] [2021-12-02T15:48:08.603Z] <<< [apiv2][status] GET https://www.gstatic.com/firebasejs/releases.json 200
[debug] [2021-12-02T15:48:08.603Z] <<< [apiv2][body] GET https://www.gstatic.com/firebasejs/releases.json {"current":{"version":"9.5.0","browserURL":"https://www.gstatic.com/firebasejs/9.5.0/firebase.js","packageURL":"https://www.gstatic.com/firebasejs/9.5.0/firebase.tgz"},"live":{"version":"9.5","browserURL":"https://www.gstatic.com/firebasejs/live/9.5/firebase.js","packageURL":"https://www.gstatic.com/firebasejs/live/9.5/firebase.tgz"},"components":{"analytics":"https://www.gstatic.com/firebasejs/9.5.0/firebase-analytics.js","app":"https://www.gstatic.com/firebasejs/9.5.0/firebase-app.js","app-check":"https://www.gstatic.com/firebasejs/9.5.0/firebase-app-check.js","auth":"https://www.gstatic.com/firebasejs/9.5.0/firebase-auth.js","auth/cordova":"https://www.gstatic.com/firebasejs/9.5.0/firebase-auth/cordova.js","auth/react-native":"https://www.gstatic.com/firebasejs/9.5.0/firebase-auth/react-native.js","functions":"https://www.gstatic.com/firebasejs/9.5.0/firebase-functions.js","firestore":"https://www.gstatic.com/firebasejs/9.5.0/firebase-firestore.js","firestore/lite":"https://www.gstatic.com/firebasejs/9.5.0/firebase-firestore/lite.js","storage":"https://www.gstatic.com/firebasejs/9.5.0/firebase-storage.js","performance":"https://www.gstatic.com/firebasejs/9.5.0/firebase-performance.js","remote-config":"https://www.gstatic.com/firebasejs/9.5.0/firebase-remote-config.js","messaging":"https://www.gstatic.com/firebasejs/9.5.0/firebase-messaging.js","messaging/sw":"https://www.gstatic.com/firebasejs/9.5.0/firebase-messaging/sw.js","database":"https://www.gstatic.com/firebasejs/9.5.0/firebase-database.js","firestore.memory":"https://www.gstatic.com/firebasejs/9.5.0/firebase-firestore.memory.js"}}
[info] i  Skipping write of build/index.html 
[info] 
[info] i  Detected a .git folder at /Users/martinsteffen/_p/shopify 
[info] i  Authorizing with GitHub to upload your service account to a GitHub repository's secrets store. 
[info] 
[info] Visit this URL on this device to log in:
[info] https://github.com/login/oauth/authorize?client_id=89cf50f02ac6aaed3484&state=38389075&redirect_uri=http%3A%2F%2Flocalhost%3A9005&scope=read%3Auser%20repo%20public_repo
[info] 
[info] Waiting for authentication...
[debug] [2021-12-02T15:48:28.188Z] >>> HTTP REQUEST POST https://github.com/login/oauth/access_token  
 {"client_id":"89cf50f02ac6aaed3484","client_secret":"3330d14abc895d9a74d5f17cd7a00711fa2c5bf0","code":"a53d129b15cb50f04969","redirect_uri":"http://localhost:9005","state":"38389075"}
[debug] [2021-12-02T15:48:28.427Z] <<< HTTP RESPONSE 200 {"server":"GitHub.com","date":"Thu, 02 Dec 2021 15:48:28 GMT","content-type":"application/json; charset=utf-8","transfer-encoding":"chunked","vary":"X-PJAX, X-PJAX-Container, Accept-Encoding, Accept, X-Requested-With","permissions-policy":"interest-cohort=()","etag":"W/\"fba7ed0c9ab751d1c6bd4b5d06011acc\"","cache-control":"max-age=0, private, must-revalidate","strict-transport-security":"max-age=31536000; includeSubdomains; preload","x-frame-options":"deny","x-content-type-options":"nosniff","x-xss-protection":"0","referrer-policy":"origin-when-cross-origin, strict-origin-when-cross-origin","expect-ct":"max-age=2592000, report-uri=\"https://api.github.com/_private/browser/errors\"","content-security-policy":"default-src 'none'; base-uri 'self'; block-all-mixed-content; child-src github.com/assets-cdn/worker/ gist.github.com/assets-cdn/worker/; connect-src 'self' uploads.github.com objects-origin.githubusercontent.com www.githubstatus.com collector.githubapp.com api.github.com github-cloud.s3.amazonaws.com github-production-repository-file-5c1aeb.s3.amazonaws.com github-production-upload-manifest-file-7fdce7.s3.amazonaws.com github-production-user-asset-6210df.s3.amazonaws.com cdn.optimizely.com logx.optimizely.com/v1/events translator.github.com wss://alive.github.com; font-src github.githubassets.com; form-action 'self' github.com gist.github.com objects-origin.githubusercontent.com; frame-ancestors 'none'; frame-src render.githubusercontent.com viewscreen.githubusercontent.com notebooks.githubusercontent.com; img-src 'self' data: github.githubassets.com identicons.github.com collector.githubapp.com github-cloud.s3.amazonaws.com secured-user-images.githubusercontent.com/ *.githubusercontent.com; manifest-src 'self'; media-src github.com user-images.githubusercontent.com/; script-src github.githubassets.com; style-src 'unsafe-inline' github.githubassets.com; worker-src github.com/assets-cdn/worker/ gist.github.com/assets-cdn/worker/","x-github-request-id":"FDCE:40A1:10CEE7A:11A3F54:61A8EACC"}
[debug] [2021-12-02T15:48:28.431Z] >>> [apiv2][query] GET https://api.github.com/user [none]
[debug] [2021-12-02T15:48:28.687Z] <<< [apiv2][status] GET https://api.github.com/user 200
[debug] [2021-12-02T15:48:28.688Z] <<< [apiv2][body] GET https://api.github.com/user {"login":"tiphedor","id":2023545,"node_id":"MDQ6VXNlcjIwMjM1NDU=","avatar_url":"https://avatars.githubusercontent.com/u/2023545?v=4","gravatar_id":"","url":"https://api.github.com/users/tiphedor","html_url":"https://github.com/tiphedor","followers_url":"https://api.github.com/users/tiphedor/followers","following_url":"https://api.github.com/users/tiphedor/following{/other_user}","gists_url":"https://api.github.com/users/tiphedor/gists{/gist_id}","starred_url":"https://api.github.com/users/tiphedor/starred{/owner}{/repo}","subscriptions_url":"https://api.github.com/users/tiphedor/subscriptions","organizations_url":"https://api.github.com/users/tiphedor/orgs","repos_url":"https://api.github.com/users/tiphedor/repos","events_url":"https://api.github.com/users/tiphedor/events{/privacy}","received_events_url":"https://api.github.com/users/tiphedor/received_events","type":"User","site_admin":false,"name":"Martin STEFFEN","company":"@Zenika ","blog":"http://tiph.io","location":"France","email":"mail@tiph.io","hireable":null,"bio":"Segmentation fault (core dumped)","twitter_username":null,"public_repos":58,"public_gists":4,"followers":17,"following":9,"created_at":"2012-07-22T21:36:38Z","updated_at":"2021-11-07T17:06:46Z","private_gists":2,"total_private_repos":77,"owned_private_repos":77,"disk_usage":300816,"collaborators":3,"two_factor_authentication":true,"plan":{"name":"pro","space":976562499,"collaborators":0,"private_repos":9999}}
[info] 
[info] ✔  Success! Logged into GitHub as tiphedor 
[info] 
